2024-10-16 15:04:14,268 [INFO] Activator:176 - 


2024-10-16 15:04:14,269 [INFO] Activator:177 - !SESSION log4j initialized
2024-10-16 15:04:15,760 [ERROR] LogOutputStream:75 - [STDERR_REDIRECT] 
2024-10-16 15:04:17,787 [INFO] LogOutputStream:77 - [STDOUT_REDIRECT] 
2024-10-16 15:04:19,531 [INFO] ApplicationProperties:184 - Using Application install path: /Applications/STM32CubeIDE.app/Contents/Eclipse/plugins/com.st.stm32cube.common.mx_6.12.1.202409122256
2024-10-16 15:04:19,542 [INFO] DbMcusXml:78 - Set database path to: /Applications/STM32CubeIDE.app/Contents/Eclipse/plugins/com.st.stm32cube.common.mx_6.12.1.202409122256//db//mcu/
2024-10-16 15:04:19,543 [INFO] ApiDb:274 - Set plugin database path to: /Applications/STM32CubeIDE.app/Contents/Eclipse/plugins/com.st.stm32cube.common.mx_6.12.1.202409122256//db//plugins/boardmanager/
2024-10-16 15:04:19,543 [WARN] ApiDb:259 - Overriding images path with different value:  => /Applications/STM32CubeIDE.app/Contents/Eclipse/plugins/com.st.stm32cube.common.mx_6.12.1.202409122256//db//plugins/mcufinder/images/
2024-10-16 15:04:19,548 [INFO] ApiDb:250 - Set database path to: /Users/ebrietas/.stmcufinder/plugins/mcufinder//mcu/
2024-10-16 15:04:19,548 [INFO] DbMcusAds:125 - Set database path to: /Users/ebrietas/.stmcufinder/plugins/mcufinder//mcu/
2024-10-16 15:04:19,549 [INFO] CrossReferenceDbSqlite:203 - Set database path to: /Users/ebrietas/.stmcufinder/plugins/mcufinder//mcu/cs/
2024-10-16 15:04:19,649 [INFO] RulesReader:64 - Compatibility file has been processed (297 Rules)
2024-10-16 15:04:19,699 [INFO] DbMcusXml:78 - Set database path to: /Applications/STM32CubeIDE.app/Contents/Eclipse/plugins/com.st.stm32cube.common.mx_6.12.1.202409122256//db//mcu/
2024-10-16 15:04:19,700 [INFO] ApiDb:274 - Set plugin database path to: /Applications/STM32CubeIDE.app/Contents/Eclipse/plugins/com.st.stm32cube.common.mx_6.12.1.202409122256//db//plugins/boardmanager/
2024-10-16 15:04:19,700 [INFO] ApiDb:261 - Set plugin images path to: /Applications/STM32CubeIDE.app/Contents/Eclipse/plugins/com.st.stm32cube.common.mx_6.12.1.202409122256//db//plugins/mcufinder/images/
2024-10-16 15:04:19,700 [WARN] DbFile:41 - Overriding database path with different value: /Users/ebrietas/.stmcufinder/plugins/mcufinder/ => /Users/ebrietas/.stmcufinder/plugins/mcufinder
2024-10-16 15:04:19,700 [INFO] ApiDb:250 - Set database path to: /Users/ebrietas/.stmcufinder/plugins/mcufinder//mcu/
2024-10-16 15:04:19,700 [WARN] DbFile:41 - Overriding database path with different value: /Users/ebrietas/.stmcufinder/plugins/mcufinder/ => /Users/ebrietas/.stmcufinder/plugins/mcufinder
2024-10-16 15:04:19,700 [INFO] DbMcusAds:125 - Set database path to: /Users/ebrietas/.stmcufinder/plugins/mcufinder//mcu/
2024-10-16 15:04:19,701 [WARN] DbFile:41 - Overriding database path with different value: /Users/ebrietas/.stmcufinder/plugins/mcufinder/ => /Users/ebrietas/.stmcufinder/plugins/mcufinder
2024-10-16 15:04:19,701 [WARN] DbFile:41 - Overriding database path with different value: /Users/ebrietas/.stmcufinder/plugins/mcufinder/ => /Users/ebrietas/.stmcufinder/plugins/mcufinder
2024-10-16 15:04:19,701 [INFO] CrossReferenceDbSqlite:203 - Set database path to: /Users/ebrietas/.stmcufinder/plugins/mcufinder//mcu/cs/
2024-10-16 15:04:19,769 [INFO] MainPanel:268 - HeapMemory: 307232768
2024-10-16 15:04:20,104 [ERROR] LogOutputStream:75 - [STDERR_REDIRECT] [Fatal Error] :2:10: DOCTYPE is disallowed when the feature "http://apache.org/xml/features/disallow-doctype-decl" set to true.
2024-10-16 15:04:20,119 [ERROR] LogOutputStream:75 - [STDERR_REDIRECT] 
2024-10-16 15:04:20,347 [INFO] DbMcusXml:78 - Set database path to: /Applications/STM32CubeIDE.app/Contents/Eclipse/plugins/com.st.stm32cube.common.mx_6.12.1.202409122256//db//mcu/
2024-10-16 15:04:20,347 [INFO] ApiDb:274 - Set plugin database path to: /Applications/STM32CubeIDE.app/Contents/Eclipse/plugins/com.st.stm32cube.common.mx_6.12.1.202409122256//db//plugins/boardmanager/
2024-10-16 15:04:20,347 [INFO] ApiDb:261 - Set plugin images path to: /Applications/STM32CubeIDE.app/Contents/Eclipse/plugins/com.st.stm32cube.common.mx_6.12.1.202409122256//db//plugins/mcufinder/images/
2024-10-16 15:04:20,348 [WARN] DbFile:41 - Overriding database path with different value: /Users/ebrietas/.stmcufinder/plugins/mcufinder/ => /Users/ebrietas/.stmcufinder/plugins/mcufinder
2024-10-16 15:04:20,348 [INFO] ApiDb:250 - Set database path to: /Users/ebrietas/.stmcufinder/plugins/mcufinder//mcu/
2024-10-16 15:04:20,348 [WARN] DbFile:41 - Overriding database path with different value: /Users/ebrietas/.stmcufinder/plugins/mcufinder/ => /Users/ebrietas/.stmcufinder/plugins/mcufinder
2024-10-16 15:04:20,348 [INFO] DbMcusAds:125 - Set database path to: /Users/ebrietas/.stmcufinder/plugins/mcufinder//mcu/
2024-10-16 15:04:20,348 [WARN] DbFile:41 - Overriding database path with different value: /Users/ebrietas/.stmcufinder/plugins/mcufinder/ => /Users/ebrietas/.stmcufinder/plugins/mcufinder
2024-10-16 15:04:20,348 [WARN] DbFile:41 - Overriding database path with different value: /Users/ebrietas/.stmcufinder/plugins/mcufinder/ => /Users/ebrietas/.stmcufinder/plugins/mcufinder
2024-10-16 15:04:20,348 [INFO] CrossReferenceDbSqlite:203 - Set database path to: /Users/ebrietas/.stmcufinder/plugins/mcufinder//mcu/cs/
2024-10-16 15:04:20,371 [INFO] ApplicationProperties:184 - Using Application install path: /Applications/STM32CubeIDE.app/Contents/Eclipse/plugins/com.st.stm32cube.common.mx_6.12.1.202409122256
2024-10-16 15:04:20,372 [INFO] PluginManage:196 - Search for loadable plugins [exclusion list=, ]
2024-10-16 15:04:20,373 [INFO] PluginManage:310 - Check plugin analytics
2024-10-16 15:04:20,620 [INFO] AnalyticsPlugin:253 - Accepted Software Licenses: 
2024-10-16 15:04:20,623 [INFO] AnalyticsPlugin:255 - Accepted CMSIS Pack Licenses: 
2024-10-16 15:04:20,623 [INFO] AnalyticsPlugin:257 - Accepted Firmware Licenses: 
2024-10-16 15:04:20,639 [INFO] PluginManage:359 - Loaded plugin analytics (category:tool,tabindex:-1)
2024-10-16 15:04:20,641 [INFO] PluginManage:310 - Check plugin cadmodel
2024-10-16 15:04:20,659 [INFO] CADModel:105 - Init CAD model plugin
2024-10-16 15:04:20,659 [INFO] PluginManage:359 - Loaded plugin cadmodel (category:power,tabindex:5)
2024-10-16 15:04:20,659 [INFO] PluginManage:310 - Check plugin clock
2024-10-16 15:04:20,666 [INFO] PluginManage:359 - Loaded plugin clock (category:base,tabindex:2)
2024-10-16 15:04:20,666 [INFO] PluginManage:310 - Check plugin ddr
2024-10-16 15:04:20,667 [INFO] PluginManage:359 - Loaded plugin ddr (category:tool,tabindex:6)
2024-10-16 15:04:20,667 [INFO] PluginManage:310 - Check plugin filemanager
2024-10-16 15:04:20,797 [INFO] PluginManage:359 - Loaded plugin filemanager (category:base,tabindex:10)
2024-10-16 15:04:20,797 [INFO] PluginManage:310 - Check plugin ipmanager
2024-10-16 15:04:20,803 [INFO] PluginManage:359 - Loaded plugin ipmanager (category:base,tabindex:5)
2024-10-16 15:04:20,803 [INFO] PluginManage:310 - Check plugin lpbam
2024-10-16 15:04:20,814 [INFO] PluginManage:359 - Loaded plugin lpbam (category:base,tabindex:0)
2024-10-16 15:04:20,814 [INFO] PluginManage:310 - Check plugin memorymap
2024-10-16 15:04:20,825 [INFO] PluginManage:359 - Loaded plugin memorymap (category:base,tabindex:4)
2024-10-16 15:04:20,825 [INFO] PluginManage:310 - Check plugin pinoutandconfiguration
2024-10-16 15:04:20,830 [INFO] PluginManage:359 - Loaded plugin pinoutandconfiguration (category:base,tabindex:1)
2024-10-16 15:04:20,830 [INFO] PluginManage:310 - Check plugin pinoutconfig
2024-10-16 15:04:20,916 [WARN] SupportedApi:132 - Cannot load RTOS API schema: s4s-elt-must-match.1: The content of 'definitions' must match (annotation?, (simpleType | complexType)?, (unique | key | keyref)*)). A problem was found starting at: attribute.
2024-10-16 15:04:21,161 [INFO] PluginManage:359 - Loaded plugin pinoutconfig (category:base,tabindex:0)
2024-10-16 15:04:21,162 [INFO] PluginManage:310 - Check plugin power
2024-10-16 15:04:21,181 [INFO] PluginManage:359 - Loaded plugin power (category:power,tabindex:4)
2024-10-16 15:04:21,182 [INFO] PluginManage:310 - Check plugin projectmanager
2024-10-16 15:04:21,209 [INFO] PluginManage:359 - Loaded plugin projectmanager (category:projectmanager,tabindex:4)
2024-10-16 15:04:21,210 [INFO] PluginManage:310 - Check plugin rif
2024-10-16 15:04:21,213 [INFO] PluginManage:359 - Loaded plugin rif (category:base,tabindex:3)
2024-10-16 15:04:21,214 [INFO] PluginManage:310 - Check plugin thirdparty
2024-10-16 15:04:21,338 [INFO] PluginManage:359 - Loaded plugin thirdparty (category:base,tabindex:-1)
2024-10-16 15:04:21,339 [INFO] PluginManage:310 - Check plugin tools
2024-10-16 15:04:21,338 [WARN] IntegrityCheckThread:84 - waiting for thirdparty lock release [integrity check]
2024-10-16 15:04:21,340 [INFO] IntegrityCheckThread:86 - entering critical section [integrity check]
2024-10-16 15:04:21,341 [INFO] PluginManage:359 - Loaded plugin tools (category:base,tabindex:7)
2024-10-16 15:04:21,341 [INFO] PluginManage:310 - Check plugin tutovideos
2024-10-16 15:04:21,341 [INFO] ThirdPartyUpdaterWithRetryManager:70 - Updater plugin not ready yet. [1/15]
2024-10-16 15:04:21,470 [INFO] PluginManage:359 - Loaded plugin tutovideos (category:base,tabindex:-1)
2024-10-16 15:04:21,470 [INFO] PluginManage:310 - Check plugin updater
2024-10-16 15:04:21,496 [INFO] PluginManage:359 - Loaded plugin updater (category:base,tabindex:12)
2024-10-16 15:04:21,496 [INFO] PluginManage:310 - Check plugin userauth
2024-10-16 15:04:21,502 [INFO] UserAuth:113 - Init User Auth plugin
2024-10-16 15:04:21,502 [INFO] PluginManage:359 - Loaded plugin userauth (category:base,tabindex:14)
2024-10-16 15:04:21,504 [INFO] PluginManage:283 - PluginManage : Loaded plugins [18]
2024-10-16 15:04:21,705 [INFO] PinOutPanel:1561 - setPackage(No Configuration,No Configuration)
2024-10-16 15:04:21,760 [INFO] CADModel:165 - CPN selected for project level
2024-10-16 15:04:21,761 [INFO] CADModel:114 - Register for checkConnection events
2024-10-16 15:04:21,769 [INFO] IPUIPlugin:80 - create IPUIPlugin
2024-10-16 15:04:21,769 [INFO] PluginManager:220 - loadIPPluginJar : add mdma
2024-10-16 15:04:21,773 [INFO] IPUIPlugin:80 - create IPUIPlugin
2024-10-16 15:04:21,773 [INFO] PluginManager:220 - loadIPPluginJar : add freertos
2024-10-16 15:04:21,775 [INFO] IPUIPlugin:80 - create IPUIPlugin
2024-10-16 15:04:21,776 [INFO] PluginManager:220 - loadIPPluginJar : add gic
2024-10-16 15:04:21,780 [INFO] IPUIPlugin:80 - create IPUIPlugin
2024-10-16 15:04:21,780 [INFO] PluginManager:220 - loadIPPluginJar : add adc
2024-10-16 15:04:21,781 [INFO] IPUIPlugin:80 - create IPUIPlugin
2024-10-16 15:04:21,781 [INFO] PluginManager:220 - loadIPPluginJar : add gtzc
2024-10-16 15:04:21,782 [INFO] IPUIPlugin:80 - create IPUIPlugin
2024-10-16 15:04:21,782 [INFO] PluginManager:220 - loadIPPluginJar : add quadspi
2024-10-16 15:04:21,783 [INFO] IPUIPlugin:80 - create IPUIPlugin
2024-10-16 15:04:21,783 [INFO] PluginManager:220 - loadIPPluginJar : add aes
2024-10-16 15:04:21,784 [INFO] IPUIPlugin:80 - create IPUIPlugin
2024-10-16 15:04:21,784 [INFO] PluginManager:220 - loadIPPluginJar : add pdm2pcm
2024-10-16 15:04:21,785 [INFO] IPUIPlugin:80 - create IPUIPlugin
2024-10-16 15:04:21,785 [INFO] PluginManager:220 - loadIPPluginJar : add hash
2024-10-16 15:04:21,787 [INFO] IPUIPlugin:80 - create IPUIPlugin
2024-10-16 15:04:21,787 [INFO] PluginManager:220 - loadIPPluginJar : add tim
2024-10-16 15:04:21,787 [INFO] IPUIPlugin:80 - create IPUIPlugin
2024-10-16 15:04:21,787 [INFO] PluginManager:220 - loadIPPluginJar : add tsc
2024-10-16 15:04:21,789 [INFO] IPUIPlugin:80 - create IPUIPlugin
2024-10-16 15:04:21,789 [INFO] PluginManager:220 - loadIPPluginJar : add extmemmanager
2024-10-16 15:04:21,791 [INFO] IPUIPlugin:80 - create IPUIPlugin
2024-10-16 15:04:21,791 [INFO] PluginManager:220 - loadIPPluginJar : add ts
2024-10-16 15:04:21,791 [INFO] IPUIPlugin:80 - create IPUIPlugin
2024-10-16 15:04:21,792 [INFO] PluginManager:220 - loadIPPluginJar : add radio
2024-10-16 15:04:21,792 [INFO] IPUIPlugin:80 - create IPUIPlugin
2024-10-16 15:04:21,793 [INFO] PluginManager:220 - loadIPPluginJar : add can
2024-10-16 15:04:21,793 [INFO] IPUIPlugin:80 - create IPUIPlugin
2024-10-16 15:04:21,793 [INFO] PluginManager:220 - loadIPPluginJar : add dma3
2024-10-16 15:04:21,794 [INFO] IPUIPlugin:80 - create IPUIPlugin
2024-10-16 15:04:21,794 [INFO] PluginManager:220 - loadIPPluginJar : add dfsdm
2024-10-16 15:04:21,795 [INFO] IPUIPlugin:80 - create IPUIPlugin
2024-10-16 15:04:21,795 [INFO] PluginManager:220 - loadIPPluginJar : add spi
2024-10-16 15:04:21,796 [INFO] IPUIPlugin:80 - create IPUIPlugin
2024-10-16 15:04:21,796 [INFO] PluginManager:220 - loadIPPluginJar : add gfxmmu
2024-10-16 15:04:21,798 [INFO] IPUIPlugin:80 - create IPUIPlugin
2024-10-16 15:04:21,798 [INFO] PluginManager:220 - loadIPPluginJar : add genericplugin
2024-10-16 15:04:21,799 [INFO] IPUIPlugin:80 - create IPUIPlugin
2024-10-16 15:04:21,799 [INFO] PluginManager:220 - loadIPPluginJar : add cryp
2024-10-16 15:04:21,801 [INFO] IPUIPlugin:80 - create IPUIPlugin
2024-10-16 15:04:21,802 [INFO] PluginManager:220 - loadIPPluginJar : add gpio
2024-10-16 15:04:21,803 [INFO] IPUIPlugin:80 - create IPUIPlugin
2024-10-16 15:04:21,803 [INFO] PluginManager:220 - loadIPPluginJar : add ddr_ctrl_phy
2024-10-16 15:04:21,804 [INFO] IPUIPlugin:80 - create IPUIPlugin
2024-10-16 15:04:21,804 [INFO] PluginManager:220 - loadIPPluginJar : add comp
2024-10-16 15:04:21,806 [INFO] IPUIPlugin:80 - create IPUIPlugin
2024-10-16 15:04:21,806 [INFO] PluginManager:220 - loadIPPluginJar : add tracer_emb
2024-10-16 15:04:21,807 [INFO] IPUIPlugin:80 - create IPUIPlugin
2024-10-16 15:04:21,807 [INFO] PluginManager:220 - loadIPPluginJar : add openamp
2024-10-16 15:04:21,809 [INFO] IPUIPlugin:80 - create IPUIPlugin
2024-10-16 15:04:21,809 [INFO] PluginManager:220 - loadIPPluginJar : add stm32_wpan
2024-10-16 15:04:21,812 [INFO] IPUIPlugin:80 - create IPUIPlugin
2024-10-16 15:04:21,814 [INFO] PluginManager:220 - loadIPPluginJar : add plateformsettings
2024-10-16 15:04:21,816 [INFO] IPUIPlugin:80 - create IPUIPlugin
2024-10-16 15:04:21,816 [INFO] PluginManager:220 - loadIPPluginJar : add ipddr
2024-10-16 15:04:21,817 [INFO] IPUIPlugin:80 - create IPUIPlugin
2024-10-16 15:04:21,818 [INFO] PluginManager:220 - loadIPPluginJar : add usart
2024-10-16 15:04:21,818 [INFO] IPUIPlugin:80 - create IPUIPlugin
2024-10-16 15:04:21,818 [INFO] PluginManager:220 - loadIPPluginJar : add ltdc
2024-10-16 15:04:21,820 [INFO] IPUIPlugin:80 - create IPUIPlugin
2024-10-16 15:04:21,820 [INFO] PluginManager:220 - loadIPPluginJar : add nvic
2024-10-16 15:04:21,821 [INFO] IPUIPlugin:80 - create IPUIPlugin
2024-10-16 15:04:21,821 [INFO] PluginManager:220 - loadIPPluginJar : add fatfs
2024-10-16 15:04:21,825 [INFO] IPUIPlugin:80 - create IPUIPlugin
2024-10-16 15:04:21,825 [INFO] PluginManager:220 - loadIPPluginJar : add linkedlist
2024-10-16 15:04:21,827 [INFO] IPUIPlugin:80 - create IPUIPlugin
2024-10-16 15:04:21,827 [INFO] PluginManager:220 - loadIPPluginJar : add dma
2024-10-16 15:04:21,829 [INFO] IPUIPlugin:80 - create IPUIPlugin
2024-10-16 15:04:21,829 [INFO] PluginManager:220 - loadIPPluginJar : add fmc
2024-10-16 15:04:21,830 [INFO] IPUIPlugin:80 - create IPUIPlugin
2024-10-16 15:04:21,830 [INFO] PluginManager:220 - loadIPPluginJar : add i2s
2024-10-16 15:04:21,831 [INFO] IPUIPlugin:80 - create IPUIPlugin
2024-10-16 15:04:21,831 [INFO] PluginManager:220 - loadIPPluginJar : add ucpd
2024-10-16 15:04:21,832 [INFO] IPUIPlugin:80 - create IPUIPlugin
2024-10-16 15:04:21,832 [INFO] PluginManager:220 - loadIPPluginJar : add lorawan
2024-10-16 15:04:21,833 [INFO] IPUIPlugin:80 - create IPUIPlugin
2024-10-16 15:04:21,833 [INFO] PluginManager:220 - loadIPPluginJar : add opamp
2024-10-16 15:04:21,834 [INFO] IPUIPlugin:80 - create IPUIPlugin
2024-10-16 15:04:21,834 [INFO] PluginManager:220 - loadIPPluginJar : add i3c
2024-10-16 15:04:21,836 [INFO] IPUIPlugin:80 - create IPUIPlugin
2024-10-16 15:04:21,836 [INFO] PluginManager:220 - loadIPPluginJar : add touchsensing
2024-10-16 15:04:21,838 [INFO] IPUIPlugin:80 - create IPUIPlugin
2024-10-16 15:04:21,838 [INFO] PluginManager:220 - loadIPPluginJar : add i2c
2024-10-16 15:04:21,839 [INFO] IPUIPlugin:80 - create IPUIPlugin
2024-10-16 15:04:21,839 [INFO] PluginManager:220 - loadIPPluginJar : add resmgrutility
2024-10-16 15:04:21,840 [INFO] IPUIPlugin:80 - create IPUIPlugin
2024-10-16 15:04:21,841 [INFO] PluginManager:220 - loadIPPluginJar : add sai
2024-10-16 15:04:21,843 [INFO] IPUIPlugin:80 - create IPUIPlugin
2024-10-16 15:04:21,843 [INFO] PluginManager:220 - loadIPPluginJar : add usbx
2024-10-16 15:04:21,951 [INFO] CADModel:165 - CPN selected for project level
2024-10-16 15:04:21,951 [INFO] CADModel:114 - Register for checkConnection events
2024-10-16 15:04:21,951 [FATAL] Updater:334 - Updater called before beeing initialized
2024-10-16 15:04:21,951 [ERROR] CADModel:125 - Updater not yet initialized, retry later 
2024-10-16 15:04:22,137 [INFO] CADModel:165 - CPN selected for project level
2024-10-16 15:04:22,138 [INFO] CADModel:114 - Register for checkConnection events
2024-10-16 15:04:22,138 [FATAL] Updater:334 - Updater called before beeing initialized
2024-10-16 15:04:22,138 [ERROR] CADModel:125 - Updater not yet initialized, retry later 
2024-10-16 15:04:22,139 [FATAL] Updater:334 - Updater called before beeing initialized
2024-10-16 15:04:22,258 [FATAL] Updater:334 - Updater called before beeing initialized
2024-10-16 15:04:22,261 [INFO] DbMcusAds:53 - JSON generation date=Thu Sep 30 08:55:09 CEST 2021 (1632984909247)
2024-10-16 15:04:22,261 [FATAL] Updater:334 - Updater called before beeing initialized
2024-10-16 15:04:22,309 [WARN] DetailPanel:346 - Failed to get advertising image, set to default
2024-10-16 15:04:22,369 [FATAL] Updater:334 - Updater called before beeing initialized
2024-10-16 15:04:22,370 [FATAL] Updater:334 - Updater called before beeing initialized
2024-10-16 15:04:22,370 [FATAL] Updater:334 - Updater called before beeing initialized
2024-10-16 15:04:22,370 [WARN] DetailPanel:346 - Failed to get advertising image, set to default
2024-10-16 15:04:22,371 [FATAL] Updater:334 - Updater called before beeing initialized
2024-10-16 15:04:22,439 [ERROR] Updater:1164 - MainUpdater not yet initialized. External WinMGr cannot be set.
2024-10-16 15:04:22,445 [INFO] Updater:1100 - Updater Version found : 6.12.1
2024-10-16 15:04:22,455 [INFO] ApplicationProperties:184 - Using Application install path: /Applications/STM32CubeIDE.app/Contents/Eclipse/plugins/com.st.stm32cube.common.mx_6.12.1.202409122256
2024-10-16 15:04:22,714 [INFO] MainUpdater:2873 - connection check result : 10
2024-10-16 15:04:22,714 [INFO] MainUpdater:290 - Updater Check For Update Now.
2024-10-16 15:04:22,715 [INFO] MicroXplorer:498 - Change Database Version : DB.6.0.121
2024-10-16 15:04:22,719 [INFO] McuFinderGlobals:63 - Set McuFinder mode to 2 (CubeIDE integrated)
2024-10-16 15:04:22,719 [INFO] UserAuth:179 - activating auth plugin
2024-10-16 15:04:22,730 [INFO] UserAuth:417 - Internet connection configuration mode: 1
2024-10-16 15:04:22,745 [INFO] JxBrowserEngine:152 - Initiate JxBrowser Engine with user profile folder
2024-10-16 15:04:22,958 [INFO] CheckServerUpdateThread:120 - End of CheckServer Thread
2024-10-16 15:04:24,555 [WARN] PackLoader:240 - Cannot read IP mode file for STMicroelectronics.FP-SNS-MOTENVWB1.1.4.0
2024-10-16 15:04:24,586 [WARN] PackLoader:240 - Cannot read IP mode file for STMicroelectronics.X-CUBE-SMBUS.2.1.0
2024-10-16 15:04:24,620 [WARN] PackLoader:240 - Cannot read IP mode file for STMicroelectronics.FP-SNS-FLIGHT1.5.0.2
2024-10-16 15:04:24,637 [WARN] PackLoader:240 - Cannot read IP mode file for STMicroelectronics.X-CUBE-DISPLAY.3.0.0
2024-10-16 15:04:24,658 [WARN] PackLoader:240 - Cannot read IP mode file for STMicroelectronics.X-CUBE-BLE1.7.0.0
2024-10-16 15:04:24,691 [WARN] PackLoader:240 - Cannot read IP mode file for STMicroelectronics.X-CUBE-BLEMGR.3.1.0
2024-10-16 15:04:24,717 [WARN] PackLoader:240 - Cannot read IP mode file for STMicroelectronics.FP-SNS-SMARTAG2.1.2.0
2024-10-16 15:04:24,728 [WARN] PackLoader:240 - Cannot read IP mode file for STMicroelectronics.FP-SNS-MOTENV1.5.0.0
2024-10-16 15:04:24,743 [WARN] PackLoader:240 - Cannot read IP mode file for STMicroelectronics.X-CUBE-BLE2.3.3.0
2024-10-16 15:04:24,753 [WARN] PackLoader:240 - Cannot read IP mode file for STMicroelectronics.X-CUBE-TCPP.4.1.0
2024-10-16 15:04:24,776 [WARN] PackLoader:240 - Cannot read IP mode file for STMicroelectronics.X-CUBE-SAFEA1.1.2.2
2024-10-16 15:04:24,794 [WARN] PackLoader:240 - Cannot read IP mode file for STMicroelectronics.X-CUBE-NFC4.3.0.0
2024-10-16 15:04:24,800 [WARN] PackLoader:240 - Cannot read IP mode file for STMicroelectronics.FP-ATR-SIGFOX1.3.2.0
2024-10-16 15:04:24,816 [WARN] PackLoader:240 - Cannot read IP mode file for STMicroelectronics.X-CUBE-EEPRMA1.5.1.0
2024-10-16 15:04:24,837 [WARN] PackLoader:240 - Cannot read IP mode file for STMicroelectronics.X-CUBE-FREERTOS.1.2.0
2024-10-16 15:04:24,860 [WARN] PackLoader:240 - Cannot read IP mode file for STMicroelectronics.X-CUBE-NFC6.3.1.0
2024-10-16 15:04:24,875 [WARN] PackLoader:240 - Cannot read IP mode file for STMicroelectronics.X-CUBE-NFC7.1.0.1
2024-10-16 15:04:24,886 [WARN] PackLoader:240 - Cannot read IP mode file for STMicroelectronics.X-CUBE-SFXS2LP1.4.0.0
2024-10-16 15:04:24,920 [WARN] PackLoader:240 - Cannot read IP mode file for STMicroelectronics.X-CUBE-SUBG2.5.0.0
2024-10-16 15:04:24,940 [WARN] PackLoader:240 - Cannot read IP mode file for STMicroelectronics.X-CUBE-ALS.1.0.2
2024-10-16 15:04:24,949 [WARN] PackLoader:240 - Cannot read IP mode file for STMicroelectronics.FP-ATR-ASTRA1.2.0.0
2024-10-16 15:04:24,950 [INFO] ThirdParty:978 - Integrity check success = true
2024-10-16 15:04:24,950 [INFO] IntegrityCheckThread:100 - exiting critical section [integrity check]
2024-10-16 15:04:24,950 [INFO] IntegrityCheckThread:103 - End integrity checks thread
2024-10-16 15:04:27,286 [INFO] WebApp:167 - Instantiating new browser for Auth
2024-10-16 15:04:28,892 [INFO] WebApp:448 - Apply proxy settings
2024-10-16 15:04:28,914 [INFO] WebApp:493 - Chromium authenticates against Manually configured proxy
2024-10-16 15:04:28,943 [INFO] WebApp:501 - Username used for proxy authentication: 
2024-10-16 15:04:29,027 [INFO] WebApp:869 - Register for checkConnection events
2024-10-16 15:04:29,043 [INFO] WebApp:448 - Apply proxy settings
2024-10-16 15:04:29,062 [INFO] WebApp:493 - Chromium authenticates against Manually configured proxy
2024-10-16 15:04:29,077 [INFO] WebApp:501 - Username used for proxy authentication: 
2024-10-16 15:04:29,235 [INFO] WebApp:220 - Starting web application
2024-10-16 15:04:29,237 [INFO] WebApp:578 - Web application path used /Applications/STM32CubeIDE.app/Contents/Eclipse/plugins/com.st.stm32cube.common.mx_6.12.1.202409122256/db/plugins/mcufinder/reactClient1/index.html
2024-10-16 15:04:29,691 [INFO] WebApp:186 - Connection restablished
2024-10-16 15:04:38,217 [ERROR] LogOutputStream:75 - [STDERR_REDIRECT] 
